<?xml version="1.0" encoding="UTF-8"?>
<!-- Generated by org.testng.reporters.JUnitXMLReporter -->
<testsuite ignored="0" hostname="QB-CLT-1553" failures="1" tests="8" name="Surefire test" time="29.122" errors="0" timestamp="2022-08-11T15:41:47 IST">
  <testcase classname="io.cucumber.testng.AbstractTestNGCucumberTests" name="runScenario" time="18.184"/>
  <testcase classname="io.cucumber.testng.AbstractTestNGCucumberTests" name="runScenario" time="18.368">
    <failure type="java.lang.AssertionError" message="expected [Incorrect email or passwoord.] but found [Incorrect email or password.]">
      <![CDATA[java.lang.AssertionError: expected [Incorrect email or passwoord.] but found [Incorrect email or password.]
at stepDefinitions.LoginSteps.admin_gets_a_toast_message(LoginSteps.java:46)
at âœ½.Admin gets a toast message "Incorrect email or passwoord."(file:///C:/Users/Nihamathulla/eclipse-workspace/Sunlyt_Admin_Functional_Test/src/test/java/features/Login.feature:22)
... Removed 6 stack frames]]>
    </failure>
  </testcase> <!-- runScenario -->
  <testcase classname="io.cucumber.testng.AbstractTestNGCucumberTests" name="runScenario" time="18.375"/>
  <testcase classname="io.cucumber.testng.AbstractTestNGCucumberTests" name="runScenario" time="21.482"/>
  <testcase classname="io.cucumber.testng.AbstractTestNGCucumberTests" name="runScenario" time="22.782"/>
  <testcase classname="io.cucumber.testng.AbstractTestNGCucumberTests" name="runScenario" time="24.444"/>
  <testcase classname="io.cucumber.testng.AbstractTestNGCucumberTests" name="runScenario" time="25.398"/>
  <testcase classname="io.cucumber.testng.AbstractTestNGCucumberTests" name="runScenario" time="26.075"/>
</testsuite> <!-- Surefire test -->
