<?xml version="1.0" encoding="UTF-8"?>
<!-- Generated by org.testng.reporters.JUnitReportReporter -->
<testsuite hostname="QB-CLT-1553" failures="1" tests="1" name="cucumberOptions.FailedTestRunner" time="11.563" errors="0" timestamp="2022-08-06T21:41:16 IST" skipped="0">
  <testcase classname="cucumberOptions.FailedTestRunner" name="runScenario" time="11.563">
    <failure message="expected [Incorrect email or passwoord.] but found [Incorrect email or password.]" type="java.lang.AssertionError">
      <![CDATA[java.lang.AssertionError: expected [Incorrect email or passwoord.] but found [Incorrect email or password.]
at org.testng.Assert.fail(Assert.java:110)
at org.testng.Assert.failNotEquals(Assert.java:1413)
at org.testng.Assert.assertEqualsImpl(Assert.java:149)
at org.testng.Assert.assertEquals(Assert.java:131)
at org.testng.Assert.assertEquals(Assert.java:655)
at org.testng.Assert.assertEquals(Assert.java:665)
at stepDefinitions.LoginSteps.admin_gets_a_toast_message(LoginSteps.java:46)
at âœ½.Admin gets a toast message "Incorrect email or passwoord."(file:///C:/Users/Nihamathulla/eclipse-workspace/Sunlyt_Admin_Functional_Test/src/test/java/features/Login.feature:22)
]]>
    </failure>
  </testcase> <!-- runScenario -->
  <system-out/>
</testsuite> <!-- cucumberOptions.FailedTestRunner -->
