<?xml version="1.0" encoding="UTF-8"?>
<!-- Generated by org.testng.reporters.JUnitReportReporter -->
<testsuite hostname="QB-CLT-1553" failures="1" tests="8" name="cucumberOptions.TestRunner" time="175.108" errors="0" timestamp="2022-08-11T15:41:47 IST" skipped="0">
  <testcase classname="cucumberOptions.TestRunner" name="runScenario" time="18.368">
    <failure message="expected [Incorrect email or passwoord.] but found [Incorrect email or password.]" type="java.lang.AssertionError">
      <![CDATA[java.lang.AssertionError: expected [Incorrect email or passwoord.] but found [Incorrect email or password.]
at org.testng.Assert.fail(Assert.java:110)
at org.testng.Assert.failNotEquals(Assert.java:1413)
at org.testng.Assert.assertEqualsImpl(Assert.java:149)
at org.testng.Assert.assertEquals(Assert.java:131)
at org.testng.Assert.assertEquals(Assert.java:655)
at org.testng.Assert.assertEquals(Assert.java:665)
at stepDefinitions.LoginSteps.admin_gets_a_toast_message(LoginSteps.java:46)
at âœ½.Admin gets a toast message "Incorrect email or passwoord."(file:///C:/Users/Nihamathulla/eclipse-workspace/Sunlyt_Admin_Functional_Test/src/test/java/features/Login.feature:22)
]]>
    </failure>
  </testcase> <!-- runScenario -->
  <system-out/>
  <testcase classname="cucumberOptions.TestRunner" name="runScenario" time="25.398"/>
  <system-out/>
  <testcase classname="cucumberOptions.TestRunner" name="runScenario" time="22.782"/>
  <system-out/>
  <testcase classname="cucumberOptions.TestRunner" name="runScenario" time="26.075"/>
  <system-out/>
  <testcase classname="cucumberOptions.TestRunner" name="runScenario" time="24.444"/>
  <system-out/>
  <testcase classname="cucumberOptions.TestRunner" name="runScenario" time="21.482"/>
  <system-out/>
  <testcase classname="cucumberOptions.TestRunner" name="runScenario" time="18.375"/>
  <system-out/>
  <testcase classname="cucumberOptions.TestRunner" name="runScenario" time="18.184"/>
  <system-out/>
</testsuite> <!-- cucumberOptions.TestRunner -->
